Using pre-set license
Built from '2021.3/staging' branch; Version is '2021.3.19f1 (c9714fde33b6) revision 13201743'; Using compiler version '192829333'; Build Type 'Release'
OS: 'Windows 10  (10.0.19044) 64bit Professional' Language: 'es' Physical Memory: 16332 MB
BatchMode: 1, IsHumanControllingUs: 0, StartBugReporterOnCrash: 0, Is64bit: 1, IsPro: 1

COMMAND LINE ARGUMENTS:
D:\Archivos de programa\Unity\Unity Hub\Editor\2021.3.19f1\Editor\Unity.exe
-adb2
-batchMode
-noUpm
-name
AssetImportWorker1
-projectPath
D:/Unity Project/Proyecto Crossy Mayo
-logFile
Logs/AssetImportWorker1.log
-srvPort
50850
Successfully changed project path to: D:/Unity Project/Proyecto Crossy Mayo
D:/Unity Project/Proyecto Crossy Mayo
[UnityMemory] Configuration Parameters - Can be set up in boot.config
    "memorysetup-bucket-allocator-granularity=16"
    "memorysetup-bucket-allocator-bucket-count=8"
    "memorysetup-bucket-allocator-block-size=33554432"
    "memorysetup-bucket-allocator-block-count=8"
    "memorysetup-main-allocator-block-size=16777216"
    "memorysetup-thread-allocator-block-size=16777216"
    "memorysetup-gfx-main-allocator-block-size=16777216"
    "memorysetup-gfx-thread-allocator-block-size=16777216"
    "memorysetup-cache-allocator-block-size=4194304"
    "memorysetup-typetree-allocator-block-size=2097152"
    "memorysetup-profiler-bucket-allocator-granularity=16"
    "memorysetup-profiler-bucket-allocator-bucket-count=8"
    "memorysetup-profiler-bucket-allocator-block-size=33554432"
    "memorysetup-profiler-bucket-allocator-block-count=8"
    "memorysetup-profiler-allocator-block-size=16777216"
    "memorysetup-profiler-editor-allocator-block-size=1048576"
    "memorysetup-temp-allocator-size-main=16777216"
    "memorysetup-job-temp-allocator-block-size=2097152"
    "memorysetup-job-temp-allocator-block-size-background=1048576"
    "memorysetup-job-temp-allocator-reduction-small-platforms=262144"
    "memorysetup-temp-allocator-size-background-worker=32768"
    "memorysetup-temp-allocator-size-job-worker=262144"
    "memorysetup-temp-allocator-size-preload-manager=33554432"
    "memorysetup-temp-allocator-size-nav-mesh-worker=65536"
    "memorysetup-temp-allocator-size-audio-worker=65536"
    "memorysetup-temp-allocator-size-cloud-worker=32768"
    "memorysetup-temp-allocator-size-gi-baking-worker=262144"
    "memorysetup-temp-allocator-size-gfx=262144"
Player connection [16124] Host "[IP] 192.168.1.74 [Port] 0 [Flags] 2 [Guid] 1322116956 [EditorId] 1322116956 [Version] 1048832 [Id] WindowsEditor(7,DESKTOP-NB1UMOD) [Debug] 1 [PackageName] WindowsEditor [ProjectName] Editor" joined multi-casting on [225.0.0.222:54997]...

Player connection [16124] Host "[IP] 192.168.1.74 [Port] 0 [Flags] 2 [Guid] 1322116956 [EditorId] 1322116956 [Version] 1048832 [Id] WindowsEditor(7,DESKTOP-NB1UMOD) [Debug] 1 [PackageName] WindowsEditor [ProjectName] Editor" joined alternative multi-casting on [225.0.0.222:34997]...

Refreshing native plugins compatible for Editor in 93.64 ms, found 3 plugins.
Preloading 0 native plugins for Editor in 0.00 ms.
Initialize engine version: 2021.3.19f1 (c9714fde33b6)
[Subsystems] Discovering subsystems at path D:/Archivos de programa/Unity/Unity Hub/Editor/2021.3.19f1/Editor/Data/Resources/UnitySubsystems
[Subsystems] Discovering subsystems at path D:/Unity Project/Proyecto Crossy Mayo/Assets
GfxDevice: creating device client; threaded=0; jobified=0
Direct3D:
    Version:  Direct3D 11.0 [level 11.1]
    Renderer: Radeon RX 580 Series (ID=0x67df)
    Vendor:   ATI
    VRAM:     8170 MB
    Driver:   31.0.12027.7000
Initialize mono
Mono path[0] = 'D:/Archivos de programa/Unity/Unity Hub/Editor/2021.3.19f1/Editor/Data/Managed'
Mono path[1] = 'D:/Archivos de programa/Unity/Unity Hub/Editor/2021.3.19f1/Editor/Data/MonoBleedingEdge/lib/mono/unityjit-win32'
Mono config path = 'D:/Archivos de programa/Unity/Unity Hub/Editor/2021.3.19f1/Editor/Data/MonoBleedingEdge/etc'
Using monoOptions --debugger-agent=transport=dt_socket,embedding=1,server=y,suspend=n,address=127.0.0.1:56120
Begin MonoManager ReloadAssembly
Registering precompiled unity dll's ...
Register platform support module: D:/Archivos de programa/Unity/Unity Hub/Editor/2021.3.19f1/Editor/Data/PlaybackEngines/WebGLSupport/UnityEditor.WebGL.Extensions.dll
Register platform support module: D:/Archivos de programa/Unity/Unity Hub/Editor/2021.3.19f1/Editor/Data/PlaybackEngines/AndroidPlayer/UnityEditor.Android.Extensions.dll
Register platform support module: D:/Archivos de programa/Unity/Unity Hub/Editor/2021.3.19f1/Editor/Data/PlaybackEngines/WindowsStandaloneSupport/UnityEditor.WindowsStandalone.Extensions.dll
Registered in 0.006301 seconds.
Native extension for WindowsStandalone target not found
Native extension for Android target not found
Android Extension - Scanning For ADB Devices 299 ms
Native extension for WebGL target not found
Refreshing native plugins compatible for Editor in 94.37 ms, found 3 plugins.
Preloading 0 native plugins for Editor in 0.00 ms.
Mono: successfully reloaded assembly
- Completed reload, in  1.051 seconds
Domain Reload Profiling:
	ReloadAssembly (1051ms)
		BeginReloadAssembly (76ms)
			ExecutionOrderSort (0ms)
			DisableScriptedObjects (0ms)
			BackupInstance (0ms)
			ReleaseScriptingObjects (0ms)
			CreateAndSetChildDomain (1ms)
		EndReloadAssembly (852ms)
			LoadAssemblies (76ms)
			RebuildTransferFunctionScriptingTraits (0ms)
			SetupTypeCache (119ms)
			ReleaseScriptCaches (0ms)
			RebuildScriptCaches (41ms)
			SetupLoadedEditorAssemblies (639ms)
				LogAssemblyErrors (0ms)
				InitializePlatformSupportModulesInManaged (395ms)
				SetLoadedEditorAssemblies (0ms)
				RefreshPlugins (94ms)
				BeforeProcessingInitializeOnLoad (1ms)
				ProcessInitializeOnLoadAttributes (100ms)
				ProcessInitializeOnLoadMethodAttributes (47ms)
				AfterProcessingInitializeOnLoad (0ms)
				EditorAssembliesLoaded (0ms)
			ExecutionOrderSort2 (0ms)
			AwakeInstancesAfterBackupRestoration (0ms)
Platform modules already initialized, skipping
Registering precompiled user dll's ...
Registered in 0.004764 seconds.
Begin MonoManager ReloadAssembly
Symbol file LoadedFromMemory doesn't match image D:\Unity Project\Proyecto Crossy Mayo\Library\PackageCache\com.unity.visualscripting@1.8.0\Editor\VisualScripting.Core\Dependencies\YamlDotNet\Unity.VisualScripting.YamlDotNet.dll
Symbol file LoadedFromMemory doesn't match image D:\Unity Project\Proyecto Crossy Mayo\Library\PackageCache\com.unity.visualscripting@1.8.0\Editor\VisualScripting.Core\Dependencies\DotNetZip\Unity.VisualScripting.IonicZip.dll
Native extension for WindowsStandalone target not found
Native extension for Android target not found
Native extension for WebGL target not found
Refreshing native plugins compatible for Editor in 0.80 ms, found 3 plugins.
Preloading 0 native plugins for Editor in 0.00 ms.
Mono: successfully reloaded assembly
- Completed reload, in  1.078 seconds
Domain Reload Profiling:
	ReloadAssembly (1079ms)
		BeginReloadAssembly (123ms)
			ExecutionOrderSort (0ms)
			DisableScriptedObjects (7ms)
			BackupInstance (0ms)
			ReleaseScriptingObjects (0ms)
			CreateAndSetChildDomain (21ms)
		EndReloadAssembly (831ms)
			LoadAssemblies (81ms)
			RebuildTransferFunctionScriptingTraits (0ms)
			SetupTypeCache (278ms)
			ReleaseScriptCaches (1ms)
			RebuildScriptCaches (58ms)
			SetupLoadedEditorAssemblies (370ms)
				LogAssemblyErrors (0ms)
				InitializePlatformSupportModulesInManaged (21ms)
				SetLoadedEditorAssemblies (0ms)
				RefreshPlugins (1ms)
				BeforeProcessingInitializeOnLoad (78ms)
				ProcessInitializeOnLoadAttributes (244ms)
				ProcessInitializeOnLoadMethodAttributes (21ms)
				AfterProcessingInitializeOnLoad (4ms)
				EditorAssembliesLoaded (0ms)
			ExecutionOrderSort2 (0ms)
			AwakeInstancesAfterBackupRestoration (6ms)
Platform modules already initialized, skipping
========================================================================
Worker process is ready to serve import requests
Launched and connected shader compiler UnityShaderCompiler.exe after 0.06 seconds
Refreshing native plugins compatible for Editor in 0.74 ms, found 3 plugins.
Preloading 0 native plugins for Editor in 0.00 ms.
Unloading 3087 Unused Serialized files (Serialized files now loaded: 0)
Unloading 26 unused Assets / (498.9 KB). Loaded Objects now: 3558.
Memory consumption went from 117.9 MB to 117.4 MB.
Total: 3.425600 ms (FindLiveObjects: 0.323600 ms CreateObjectMapping: 0.079700 ms MarkObjects: 2.732300 ms  DeleteObjects: 0.289000 ms)

AssetImportParameters requested are different than current active one (requested -> active):
  custom:video-decoder-ogg-theora: a1e56fd34408186e4bbccfd4996cb3dc -> 
  custom:container-muxer-webm: aa71ff27fc2769a1b78a27578f13a17b -> 
  custom:container-demuxer-webm: 4f35f7cbe854078d1ac9338744f61a02 -> 
  custom:video-encoder-webm-vp8: eb34c28f22e8b96e1ab97ce403110664 -> 
  custom:audio-encoder-webm-vorbis: bf7c407c2cedff20999df2af8eb42d56 -> 
  custom:framework-win-MediaFoundation: 216162199b28c13a410421893ffa2e32 -> 
  custom:container-demuxer-ogg: 62fdf1f143b41e24485cea50d1cbac27 -> 
  custom:video-decoder-webm-vp8: 9c59270c3fd7afecdb556c50c9e8de78 -> 
  custom:audio-decoder-ogg-vorbis: bf7c407c2cedff20999df2af8eb42d56 -> 
========================================================================
Received Import Request.
  Time since last request: 1076.580663 seconds.
  path: Assets/TextMesh Pro/Fonts
  artifactKey: Guid(6ab70aee4d56447429c680537fbf93ed) Importer(815301076,1909f56bfc062723c751e8b465ee728b)
Start importing Assets/TextMesh Pro/Fonts using Guid(6ab70aee4d56447429c680537fbf93ed) Importer(815301076,1909f56bfc062723c751e8b465ee728b)  -> (artifact id: '7c35bbd85dc86dd2ef332d439fd9c360') in 0.011575 seconds 
========================================================================
Received Import Request.
  Time since last request: 76.576892 seconds.
  path: Assets/TextMesh Pro/Resources/Fonts & Materials/LiberationSans SDF - Fallback.asset
  artifactKey: Guid(2e498d1c8094910479dc3e1b768306a4) Importer(815301076,1909f56bfc062723c751e8b465ee728b)
Start importing Assets/TextMesh Pro/Resources/Fonts & Materials/LiberationSans SDF - Fallback.asset using Guid(2e498d1c8094910479dc3e1b768306a4) Importer(815301076,1909f56bfc062723c751e8b465ee728b)  -> (artifact id: '75c03ef0685716eb49c849513d3fc62c') in 0.153105 seconds 
========================================================================
Received Import Request.
  Time since last request: 0.000036 seconds.
  path: Assets/TextMesh Pro/Resources/Fonts & Materials/LiberationSans SDF.asset
  artifactKey: Guid(8f586378b4e144a9851e7b34d9b748ee) Importer(815301076,1909f56bfc062723c751e8b465ee728b)
Start importing Assets/TextMesh Pro/Resources/Fonts & Materials/LiberationSans SDF.asset using Guid(8f586378b4e144a9851e7b34d9b748ee) Importer(815301076,1909f56bfc062723c751e8b465ee728b)  -> (artifact id: '02c1ad29b70e9e6dd90b166466f57b6b') in 0.045592 seconds 
========================================================================
Received Import Request.
  Time since last request: 1000.090070 seconds.
  path: Assets/Asset store/Suriyun/Voxel_Environments/Prefab/5tree.prefab
  artifactKey: Guid(f408e0726a889ca49b804c56bd83f9a5) Importer(815301076,1909f56bfc062723c751e8b465ee728b)
Start importing Assets/Asset store/Suriyun/Voxel_Environments/Prefab/5tree.prefab using Guid(f408e0726a889ca49b804c56bd83f9a5) Importer(815301076,1909f56bfc062723c751e8b465ee728b)  -> (artifact id: '7f2a8e1a7c02a34e06a97f21d7ee6360') in 0.176212 seconds 
========================================================================
Received Import Request.
  Time since last request: 5.600735 seconds.
  path: Assets/Prefabs/Cars/Car 2.prefab
  artifactKey: Guid(c06e0f653e6a0d645beec7160a63cd8f) Importer(815301076,1909f56bfc062723c751e8b465ee728b)
Start importing Assets/Prefabs/Cars/Car 2.prefab using Guid(c06e0f653e6a0d645beec7160a63cd8f) Importer(815301076,1909f56bfc062723c751e8b465ee728b)  -> (artifact id: 'd3ba6786c9b0e8e0c8ed0cf2d3b5947b') in 0.291339 seconds 
========================================================================
Received Import Request.
  Time since last request: 7.037471 seconds.
  path: Assets/Asset store/Suriyun/Voxel_Environments/Prefab/Flower_B.prefab
  artifactKey: Guid(a074f40073a2385429f5f7c8bf29101d) Importer(815301076,1909f56bfc062723c751e8b465ee728b)
Start importing Assets/Asset store/Suriyun/Voxel_Environments/Prefab/Flower_B.prefab using Guid(a074f40073a2385429f5f7c8bf29101d) Importer(815301076,1909f56bfc062723c751e8b465ee728b)  -> (artifact id: '0f653dbfc436aed9f298ee449e87db18') in 0.108967 seconds 
========================================================================
Received Import Request.
  Time since last request: 0.000021 seconds.
  path: Assets/Asset store/Suriyun/Voxel_Environments/Prefab/Flower_C.prefab
  artifactKey: Guid(e67061355df8e544dbd8d0d68f517fae) Importer(815301076,1909f56bfc062723c751e8b465ee728b)
Start importing Assets/Asset store/Suriyun/Voxel_Environments/Prefab/Flower_C.prefab using Guid(e67061355df8e544dbd8d0d68f517fae) Importer(815301076,1909f56bfc062723c751e8b465ee728b)  -> (artifact id: '5ac83082ef5c12867fcc11887ceb7c68') in 0.061172 seconds 
========================================================================
Received Import Request.
  Time since last request: 0.000030 seconds.
  path: Assets/Prefabs/Source/Export/grass 1.prefab
  artifactKey: Guid(d03eb4fad9ae72e4595d9ff5f0b18089) Importer(815301076,1909f56bfc062723c751e8b465ee728b)
Start importing Assets/Prefabs/Source/Export/grass 1.prefab using Guid(d03eb4fad9ae72e4595d9ff5f0b18089) Importer(815301076,1909f56bfc062723c751e8b465ee728b)  -> (artifact id: '77b3211808ee54de64dbce32ae5212fa') in 0.415016 seconds 
========================================================================
Received Import Request.
  Time since last request: 4.838133 seconds.
  path: Assets/Asset store/Characters/Prefabs/Pirate.prefab
  artifactKey: Guid(7686fd776c8cf734dae67a964c214d82) Importer(815301076,1909f56bfc062723c751e8b465ee728b)
Start importing Assets/Asset store/Characters/Prefabs/Pirate.prefab using Guid(7686fd776c8cf734dae67a964c214d82) Importer(815301076,1909f56bfc062723c751e8b465ee728b)  -> (artifact id: 'a096402249b37d038911a03bcc322200') in 0.178071 seconds 
========================================================================
Received Import Request.
  Time since last request: 0.000022 seconds.
  path: Assets/Prefabs/Roads/Piso(2).prefab
  artifactKey: Guid(5546a1292cd029a419e8ec5470119061) Importer(815301076,1909f56bfc062723c751e8b465ee728b)
Start importing Assets/Prefabs/Roads/Piso(2).prefab using Guid(5546a1292cd029a419e8ec5470119061) Importer(815301076,1909f56bfc062723c751e8b465ee728b)  -> (artifact id: '59ca879f6574326a05e2fc478dd6cdf0') in 0.617468 seconds 
========================================================================
Received Import Request.
  Time since last request: 0.000041 seconds.
  path: Assets/Asset store/LowPoly Environment Pack/Prefabs/Plant_2.prefab
  artifactKey: Guid(4dcb45769932d8b449fc6523626179be) Importer(815301076,1909f56bfc062723c751e8b465ee728b)
Start importing Assets/Asset store/LowPoly Environment Pack/Prefabs/Plant_2.prefab using Guid(4dcb45769932d8b449fc6523626179be) Importer(815301076,1909f56bfc062723c751e8b465ee728b)  -> (artifact id: 'daa50e6d1077937d2e3d49e147ff1ffa') in 0.068664 seconds 
========================================================================
Received Import Request.
  Time since last request: 6.152296 seconds.
  path: Assets/Asset store/LowPoly Environment Pack/Prefabs/Plant_7.prefab
  artifactKey: Guid(1a6a34cedc83b654099dbb403ec40524) Importer(815301076,1909f56bfc062723c751e8b465ee728b)
Start importing Assets/Asset store/LowPoly Environment Pack/Prefabs/Plant_7.prefab using Guid(1a6a34cedc83b654099dbb403ec40524) Importer(815301076,1909f56bfc062723c751e8b465ee728b)  -> (artifact id: '9f53cf2617b5d8353f4191c9ba36492c') in 0.052680 seconds 
========================================================================
Received Import Request.
  Time since last request: 0.000021 seconds.
  path: Assets/Asset store/TheTeam.Ninja/Voxel Farm/Prefabs/plow/Plow - Diagonal.prefab
  artifactKey: Guid(1b0caf484847b874eb0e4b199529ce50) Importer(815301076,1909f56bfc062723c751e8b465ee728b)
Start importing Assets/Asset store/TheTeam.Ninja/Voxel Farm/Prefabs/plow/Plow - Diagonal.prefab using Guid(1b0caf484847b874eb0e4b199529ce50) Importer(815301076,1909f56bfc062723c751e8b465ee728b)  -> (artifact id: '18a9daf9f3592ed48fde1f8353abd2c9') in 0.025743 seconds 
========================================================================
Received Import Request.
  Time since last request: 0.000026 seconds.
  path: Assets/TheTeam.Ninja/Voxel Farm/Prefabs/plow/Plow - Straight.prefab
  artifactKey: Guid(c5ae45feb0db6a74d81be3be4de55fcb) Importer(815301076,1909f56bfc062723c751e8b465ee728b)
Start importing Assets/TheTeam.Ninja/Voxel Farm/Prefabs/plow/Plow - Straight.prefab using Guid(c5ae45feb0db6a74d81be3be4de55fcb) Importer(815301076,1909f56bfc062723c751e8b465ee728b)  -> (artifact id: '607336ae1e7a7e51e923caedf1adc327') in 0.012054 seconds 
========================================================================
Received Import Request.
  Time since last request: 0.000020 seconds.
  path: Assets/Asset store/TheTeam.Ninja/Voxel Farm/Prefabs/plow/Plow - Straight.prefab
  artifactKey: Guid(51109625366119c47b1960b6439d465e) Importer(815301076,1909f56bfc062723c751e8b465ee728b)
Start importing Assets/Asset store/TheTeam.Ninja/Voxel Farm/Prefabs/plow/Plow - Straight.prefab using Guid(51109625366119c47b1960b6439d465e) Importer(815301076,1909f56bfc062723c751e8b465ee728b)  -> (artifact id: 'e9fe5740a1c24f1b9f09ef2b26b6b432') in 0.007003 seconds 
========================================================================
Received Import Request.
  Time since last request: 0.000022 seconds.
  path: Assets/TheTeam.Ninja/Voxel Farm/Prefabs/plow/Plow - Diagonal.prefab
  artifactKey: Guid(708667b7a74b5aa42899e8a41ce5d36d) Importer(815301076,1909f56bfc062723c751e8b465ee728b)
Start importing Assets/TheTeam.Ninja/Voxel Farm/Prefabs/plow/Plow - Diagonal.prefab using Guid(708667b7a74b5aa42899e8a41ce5d36d) Importer(815301076,1909f56bfc062723c751e8b465ee728b)  -> (artifact id: '71b07298c7e21e19038b8ef2d63436c6') in 0.007759 seconds 
========================================================================
Received Import Request.
  Time since last request: 0.000022 seconds.
  path: Assets/Asset store/Simple Vehicle Pack/Prefabs/Police_car.prefab
  artifactKey: Guid(f463242ba59e68243b7a693d4f0cfc18) Importer(815301076,1909f56bfc062723c751e8b465ee728b)
Start importing Assets/Asset store/Simple Vehicle Pack/Prefabs/Police_car.prefab using Guid(f463242ba59e68243b7a693d4f0cfc18) Importer(815301076,1909f56bfc062723c751e8b465ee728b)  -> (artifact id: '8ea1edbd0b06ec311a920a16e3272d1f') in 0.479903 seconds 
========================================================================
Received Import Request.
  Time since last request: 0.000023 seconds.
  path: Assets/Asset store/Characters/Prefabs/RedRidingHood.prefab
  artifactKey: Guid(7e4f73da68946f44da597f8018a34863) Importer(815301076,1909f56bfc062723c751e8b465ee728b)
Start importing Assets/Asset store/Characters/Prefabs/RedRidingHood.prefab using Guid(7e4f73da68946f44da597f8018a34863) Importer(815301076,1909f56bfc062723c751e8b465ee728b)  -> (artifact id: '6767b6e5b9c73d102515a267fe54535a') in 0.059853 seconds 
========================================================================
Received Import Request.
  Time since last request: 0.000041 seconds.
  path: Assets/Asset store/LowPoly Environment Pack/Prefabs/Rock_1.prefab
  artifactKey: Guid(74442f407a24ac84f95f08a83b1bb617) Importer(815301076,1909f56bfc062723c751e8b465ee728b)
Start importing Assets/Asset store/LowPoly Environment Pack/Prefabs/Rock_1.prefab using Guid(74442f407a24ac84f95f08a83b1bb617) Importer(815301076,1909f56bfc062723c751e8b465ee728b)  -> (artifact id: '07074cd3d42dc0177173529edacac6bc') in 0.025181 seconds 
========================================================================
Received Import Request.
  Time since last request: 0.000021 seconds.
  path: Assets/Asset store/Simple Vehicle Pack/Prefabs/Mobile/road_4.prefab
  artifactKey: Guid(6d54332e11f957a43984db1df5538f5b) Importer(815301076,1909f56bfc062723c751e8b465ee728b)
Start importing Assets/Asset store/Simple Vehicle Pack/Prefabs/Mobile/road_4.prefab using Guid(6d54332e11f957a43984db1df5538f5b) Importer(815301076,1909f56bfc062723c751e8b465ee728b)  -> (artifact id: 'dd5fbc7d18089258ccdab6f2ccc30fd8') in 0.123857 seconds 
========================================================================
Received Import Request.
  Time since last request: 0.000017 seconds.
  path: Assets/Voxel Universe Free/Prefabs/Clouds and Rocks/Rock03.prefab
  artifactKey: Guid(8a2c24082d1514742a0acda26632f9c1) Importer(815301076,1909f56bfc062723c751e8b465ee728b)
Start importing Assets/Voxel Universe Free/Prefabs/Clouds and Rocks/Rock03.prefab using Guid(8a2c24082d1514742a0acda26632f9c1) Importer(815301076,1909f56bfc062723c751e8b465ee728b)  -> (artifact id: 'a1ec8c8e496dee63d7308292a0c22237') in 0.044111 seconds 
========================================================================
Received Import Request.
  Time since last request: 0.000024 seconds.
  path: Assets/Asset store/TheTeam.Ninja/Voxel Farm/Prefabs/tools/Rake 2.prefab
  artifactKey: Guid(b6a81b58b1783234a815ee0e1c3178e4) Importer(815301076,1909f56bfc062723c751e8b465ee728b)
Start importing Assets/Asset store/TheTeam.Ninja/Voxel Farm/Prefabs/tools/Rake 2.prefab using Guid(b6a81b58b1783234a815ee0e1c3178e4) Importer(815301076,1909f56bfc062723c751e8b465ee728b)  -> (artifact id: '955ee663c2653ea9b3e72ee48b681b79') in 0.044115 seconds 
========================================================================
Received Import Request.
  Time since last request: 0.000028 seconds.
  path: Assets/Asset store/Tale Monster Cube Env/Prefabs/Environment/Rocks_3.prefab
  artifactKey: Guid(bdedc9c7c979d174faa2310db28f7a5b) Importer(815301076,1909f56bfc062723c751e8b465ee728b)
Start importing Assets/Asset store/Tale Monster Cube Env/Prefabs/Environment/Rocks_3.prefab using Guid(bdedc9c7c979d174faa2310db28f7a5b) Importer(815301076,1909f56bfc062723c751e8b465ee728b)  -> (artifact id: '8c2b46c5c824bf7ac65ba1edf93bf92e') in 0.080634 seconds 
========================================================================
Received Import Request.
  Time since last request: 0.000020 seconds.
  path: Assets/Asset store/Voxel Universe Free/Prefabs/Sports Courts/RunningCircuit.prefab
  artifactKey: Guid(1e50da73cd8790c439bd014d9dffc4a9) Importer(815301076,1909f56bfc062723c751e8b465ee728b)
Start importing Assets/Asset store/Voxel Universe Free/Prefabs/Sports Courts/RunningCircuit.prefab using Guid(1e50da73cd8790c439bd014d9dffc4a9) Importer(815301076,1909f56bfc062723c751e8b465ee728b)  -> (artifact id: 'a11116e974247443e39dcae885b83a7d') in 0.047083 seconds 
========================================================================
Received Import Request.
  Time since last request: 0.000024 seconds.
  path: Assets/Asset store/Characters/Prefabs/Samurai.prefab
  artifactKey: Guid(65ed9eeb6a4a32d4789f1208a944fef4) Importer(815301076,1909f56bfc062723c751e8b465ee728b)
Start importing Assets/Asset store/Characters/Prefabs/Samurai.prefab using Guid(65ed9eeb6a4a32d4789f1208a944fef4) Importer(815301076,1909f56bfc062723c751e8b465ee728b)  -> (artifact id: 'ea947f429803e1e4690c5fba7e8c67cd') in 0.449406 seconds 
========================================================================
Received Import Request.
  Time since last request: 0.000019 seconds.
  path: Assets/TheTeam.Ninja/Voxel Farm/Prefabs/scarecrow/Scarecrow Blue.prefab
  artifactKey: Guid(c333cdb5ed6cd2e44a8de118a5c2771b) Importer(815301076,1909f56bfc062723c751e8b465ee728b)
Start importing Assets/TheTeam.Ninja/Voxel Farm/Prefabs/scarecrow/Scarecrow Blue.prefab using Guid(c333cdb5ed6cd2e44a8de118a5c2771b) Importer(815301076,1909f56bfc062723c751e8b465ee728b)  -> (artifact id: '94cfebbbd70991f360048009edee05b5') in 0.011264 seconds 
========================================================================
Received Import Request.
  Time since last request: 0.000031 seconds.
  path: Assets/TheTeam.Ninja/Voxel Farm/Source/Export/silo.prefab
  artifactKey: Guid(87f26a27470b44f4f9181d5729885ca1) Importer(815301076,1909f56bfc062723c751e8b465ee728b)
Start importing Assets/TheTeam.Ninja/Voxel Farm/Source/Export/silo.prefab using Guid(87f26a27470b44f4f9181d5729885ca1) Importer(815301076,1909f56bfc062723c751e8b465ee728b)  -> (artifact id: '9e029c60fa8dbcb2863db0c77d6a2244') in 0.188627 seconds 
========================================================================
Received Import Request.
  Time since last request: 0.000025 seconds.
  path: Assets/TheTeam.Ninja/Voxel Farm/Prefabs/scarecrow/Scarecrow Red.prefab
  artifactKey: Guid(25889adc6b9a0644bb6e7cd2d40b270b) Importer(815301076,1909f56bfc062723c751e8b465ee728b)
Start importing Assets/TheTeam.Ninja/Voxel Farm/Prefabs/scarecrow/Scarecrow Red.prefab using Guid(25889adc6b9a0644bb6e7cd2d40b270b) Importer(815301076,1909f56bfc062723c751e8b465ee728b)  -> (artifact id: '23feaba8fdb7da50bcf1e1d3bfb7ee20') in 0.011985 seconds 
========================================================================
Received Import Request.
  Time since last request: 0.000024 seconds.
  path: Assets/Prefabs/Source/Export/silo.prefab
  artifactKey: Guid(49acefcda165bee44b33f165f4e27efb) Importer(815301076,1909f56bfc062723c751e8b465ee728b)
Start importing Assets/Prefabs/Source/Export/silo.prefab using Guid(49acefcda165bee44b33f165f4e27efb) Importer(815301076,1909f56bfc062723c751e8b465ee728b)  -> (artifact id: '8f8907e1018b94f332c5ed9dbd896900') in 0.072036 seconds 
========================================================================
Received Import Request.
  Time since last request: 0.000028 seconds.
  path: Assets/Asset store/Characters/Prefabs/Surgeon.prefab
  artifactKey: Guid(4727d196f51509b4aaf256e5123234ac) Importer(815301076,1909f56bfc062723c751e8b465ee728b)
Start importing Assets/Asset store/Characters/Prefabs/Surgeon.prefab using Guid(4727d196f51509b4aaf256e5123234ac) Importer(815301076,1909f56bfc062723c751e8b465ee728b)  -> (artifact id: 'a02266456d9a5d0ad4d56625a19fa03b') in 0.056430 seconds 
========================================================================
Received Import Request.
  Time since last request: 0.000017 seconds.
  path: Assets/Asset store/Suriyun/Voxel_Environments/Prefab/Rock_A.prefab
  artifactKey: Guid(116b476a12e018f4d8881d9e423f4d6c) Importer(815301076,1909f56bfc062723c751e8b465ee728b)
Start importing Assets/Asset store/Suriyun/Voxel_Environments/Prefab/Rock_A.prefab using Guid(116b476a12e018f4d8881d9e423f4d6c) Importer(815301076,1909f56bfc062723c751e8b465ee728b)  -> (artifact id: 'aa7f7576d95309fa25be18e79bf35b36') in 0.113165 seconds 
========================================================================
Received Import Request.
  Time since last request: 0.000029 seconds.
  path: Assets/Asset store/TheTeam.Ninja/Voxel Farm/Prefabs/vegetables/Tomatoes Box.prefab
  artifactKey: Guid(c79d8ee8dff7c964c99507fed3e6558e) Importer(815301076,1909f56bfc062723c751e8b465ee728b)
Start importing Assets/Asset store/TheTeam.Ninja/Voxel Farm/Prefabs/vegetables/Tomatoes Box.prefab using Guid(c79d8ee8dff7c964c99507fed3e6558e) Importer(815301076,1909f56bfc062723c751e8b465ee728b)  -> (artifact id: '30e7b376dc80ffc97c1b30369b76b7ae') in 0.028071 seconds 
========================================================================
Received Import Request.
  Time since last request: 0.000034 seconds.
  path: Assets/Asset store/Tale Monster Cube Env/Prefabs/Top/Top_2.prefab
  artifactKey: Guid(206ba921695287f41ba9e27245b7e049) Importer(815301076,1909f56bfc062723c751e8b465ee728b)
Start importing Assets/Asset store/Tale Monster Cube Env/Prefabs/Top/Top_2.prefab using Guid(206ba921695287f41ba9e27245b7e049) Importer(815301076,1909f56bfc062723c751e8b465ee728b)  -> (artifact id: '0d2ff31536b575c66b417c7a87be0554') in 0.226156 seconds 
========================================================================
Received Import Request.
  Time since last request: 0.000030 seconds.
  path: Assets/Asset store/Tale Monster Cube Env/Prefabs/Top/Top_6_Part.prefab
  artifactKey: Guid(9d82166a59336d645b2d03937f3c8515) Importer(815301076,1909f56bfc062723c751e8b465ee728b)
Start importing Assets/Asset store/Tale Monster Cube Env/Prefabs/Top/Top_6_Part.prefab using Guid(9d82166a59336d645b2d03937f3c8515) Importer(815301076,1909f56bfc062723c751e8b465ee728b)  -> (artifact id: '29a33f5f55d59887f223b473d009a168') in 0.083333 seconds 
========================================================================
Received Import Request.
  Time since last request: 0.000020 seconds.
  path: Assets/TheTeam.Ninja/Voxel Farm/Prefabs/tractor/Tractor.prefab
  artifactKey: Guid(47834e5a35c7a2e43b7f6bba2e3a4362) Importer(815301076,1909f56bfc062723c751e8b465ee728b)
Start importing Assets/TheTeam.Ninja/Voxel Farm/Prefabs/tractor/Tractor.prefab using Guid(47834e5a35c7a2e43b7f6bba2e3a4362) Importer(815301076,1909f56bfc062723c751e8b465ee728b)  -> (artifact id: '319920301a604b571ab3aae7feaceb45') in 0.150187 seconds 
========================================================================
Received Import Request.
  Time since last request: 0.000024 seconds.
  path: Assets/Prefabs/Source/Export/tractor.prefab
  artifactKey: Guid(6c4397c25b5df144e925c8bf51f0b1bc) Importer(815301076,1909f56bfc062723c751e8b465ee728b)
Start importing Assets/Prefabs/Source/Export/tractor.prefab using Guid(6c4397c25b5df144e925c8bf51f0b1bc) Importer(815301076,1909f56bfc062723c751e8b465ee728b)  -> (artifact id: 'c5ea3e79c463b639e3263d76652d6397') in 0.142887 seconds 
========================================================================
Received Import Request.
  Time since last request: 0.000029 seconds.
  path: Assets/Asset store/TheTeam.Ninja/Voxel Farm/Prefabs/tractor/Tractor - Front Lights.prefab
  artifactKey: Guid(38f6a68280ba7624097c915b38ab8a55) Importer(815301076,1909f56bfc062723c751e8b465ee728b)
Start importing Assets/Asset store/TheTeam.Ninja/Voxel Farm/Prefabs/tractor/Tractor - Front Lights.prefab using Guid(38f6a68280ba7624097c915b38ab8a55) Importer(815301076,1909f56bfc062723c751e8b465ee728b)  -> (artifact id: 'cb76f96333873af12ba95dd408b46d16') in 0.013530 seconds 
========================================================================
Received Import Request.
  Time since last request: 0.000023 seconds.
  path: Assets/Asset store/Cube Environment/Prefab/RoadBlock.prefab
  artifactKey: Guid(fcac0b43c6d59ba49afa844ab64f36b9) Importer(815301076,1909f56bfc062723c751e8b465ee728b)
Start importing Assets/Asset store/Cube Environment/Prefab/RoadBlock.prefab using Guid(fcac0b43c6d59ba49afa844ab64f36b9) Importer(815301076,1909f56bfc062723c751e8b465ee728b)  -> (artifact id: '0de7155458d42198bd7d5f985462309b') in 0.079394 seconds 
========================================================================
Received Import Request.
  Time since last request: 0.000025 seconds.
  path: Assets/Asset store/Tale Monster Cube Env/Prefabs/Props/Top_Castle_2.prefab
  artifactKey: Guid(97032db00b32bea43ae58bcf2f43879e) Importer(815301076,1909f56bfc062723c751e8b465ee728b)
Start importing Assets/Asset store/Tale Monster Cube Env/Prefabs/Props/Top_Castle_2.prefab using Guid(97032db00b32bea43ae58bcf2f43879e) Importer(815301076,1909f56bfc062723c751e8b465ee728b)  -> (artifact id: 'da3332b5208272ef67b2d54593c1a13c') in 0.049642 seconds 
========================================================================
Received Import Request.
  Time since last request: 0.000022 seconds.
  path: Assets/TheTeam.Ninja/Voxel Farm/Prefabs/silo/Silo - Bottom.prefab
  artifactKey: Guid(8c791ef07f664fd4d81271bc93fd9143) Importer(815301076,1909f56bfc062723c751e8b465ee728b)
Start importing Assets/TheTeam.Ninja/Voxel Farm/Prefabs/silo/Silo - Bottom.prefab using Guid(8c791ef07f664fd4d81271bc93fd9143) Importer(815301076,1909f56bfc062723c751e8b465ee728b)  -> (artifact id: '9ffa4daaa19b7e1511de9918d7e42d6f') in 0.014524 seconds 
========================================================================
Received Import Request.
  Time since last request: 0.000019 seconds.
  path: Assets/Asset store/TheTeam.Ninja/Voxel Farm/Prefabs/grass/Soil.prefab
  artifactKey: Guid(f44721efe6da91a42a81cef5b4b94c29) Importer(815301076,1909f56bfc062723c751e8b465ee728b)
Start importing Assets/Asset store/TheTeam.Ninja/Voxel Farm/Prefabs/grass/Soil.prefab using Guid(f44721efe6da91a42a81cef5b4b94c29) Importer(815301076,1909f56bfc062723c751e8b465ee728b)  -> (artifact id: '1fa2eab9394bce5086282cb3ec707541') in 0.083588 seconds 
========================================================================
Received Import Request.
  Time since last request: 0.000035 seconds.
  path: Assets/Asset store/Tale Monster Cube Env/Prefabs/Top/Top_6.prefab
  artifactKey: Guid(b09ee3a808edd894ebb48a82c03b4be9) Importer(815301076,1909f56bfc062723c751e8b465ee728b)
Start importing Assets/Asset store/Tale Monster Cube Env/Prefabs/Top/Top_6.prefab using Guid(b09ee3a808edd894ebb48a82c03b4be9) Importer(815301076,1909f56bfc062723c751e8b465ee728b)  -> (artifact id: '5c39bd42e59c2aaf0e35bca765a5625e') in 0.168012 seconds 
========================================================================
Received Import Request.
  Time since last request: 0.000040 seconds.
  path: Assets/Asset store/TheTeam.Ninja/Voxel Farm/Prefabs/scarecrow/Scarecrow Blue.prefab
  artifactKey: Guid(6d1bc79c1419b4841a4d22c70ce77dac) Importer(815301076,1909f56bfc062723c751e8b465ee728b)
Start importing Assets/Asset store/TheTeam.Ninja/Voxel Farm/Prefabs/scarecrow/Scarecrow Blue.prefab using Guid(6d1bc79c1419b4841a4d22c70ce77dac) Importer(815301076,1909f56bfc062723c751e8b465ee728b)  -> (artifact id: 'e91b7c7eeaa8e7baafdc6913d2c330ea') in 0.008336 seconds 
========================================================================
Received Import Request.
  Time since last request: 0.000025 seconds.
  path: Assets/Asset store/Tale Monster Cube Env/Prefabs/Top/Top.prefab
  artifactKey: Guid(b5a107eaebb44574180e07007c863dac) Importer(815301076,1909f56bfc062723c751e8b465ee728b)
Start importing Assets/Asset store/Tale Monster Cube Env/Prefabs/Top/Top.prefab using Guid(b5a107eaebb44574180e07007c863dac) Importer(815301076,1909f56bfc062723c751e8b465ee728b)  -> (artifact id: '0c16c0d4f604b43ad13bc4d283f00af3') in 1.083544 seconds 
========================================================================
Received Import Request.
  Time since last request: 0.000027 seconds.
  path: Assets/Asset store/Cube Environment/Prefab/TrashCan.prefab
  artifactKey: Guid(09ea8abf901b66e4f87b63c4620a1d63) Importer(815301076,1909f56bfc062723c751e8b465ee728b)
Start importing Assets/Asset store/Cube Environment/Prefab/TrashCan.prefab using Guid(09ea8abf901b66e4f87b63c4620a1d63) Importer(815301076,1909f56bfc062723c751e8b465ee728b)  -> (artifact id: 'a8b74568d0b943dec671f72165399f37') in 0.055332 seconds 
========================================================================
Received Import Request.
  Time since last request: 0.000026 seconds.
  path: Assets/Asset store/Suriyun/Voxel_Environments/Prefab/Treasure_A.prefab
  artifactKey: Guid(f8208361fc863b546a509cfc71447d71) Importer(815301076,1909f56bfc062723c751e8b465ee728b)
Start importing Assets/Asset store/Suriyun/Voxel_Environments/Prefab/Treasure_A.prefab using Guid(f8208361fc863b546a509cfc71447d71) Importer(815301076,1909f56bfc062723c751e8b465ee728b)  -> (artifact id: '2a95517bda278c400d51c41bb17d16f7') in 0.044005 seconds 
========================================================================
Received Import Request.
  Time since last request: 0.000019 seconds.
  path: Assets/TheTeam.Ninja/Voxel Farm/Prefabs/tractor/Tractor - Rear Wheel.prefab
  artifactKey: Guid(a3f1515707cb7c647a77802a54fe90f0) Importer(815301076,1909f56bfc062723c751e8b465ee728b)
Start importing Assets/TheTeam.Ninja/Voxel Farm/Prefabs/tractor/Tractor - Rear Wheel.prefab using Guid(a3f1515707cb7c647a77802a54fe90f0) Importer(815301076,1909f56bfc062723c751e8b465ee728b)  -> (artifact id: '56420a11cb8a078471d3fc1b7c04df76') in 0.011555 seconds 
========================================================================
Received Import Request.
  Time since last request: 0.000019 seconds.
  path: Assets/Asset store/Tiny Trees All Season/Prefabs/Trees/Conifers 2/Winter/Tree 1.prefab
  artifactKey: Guid(8381ee17570d0f848b73b95a2cf20d1b) Importer(815301076,1909f56bfc062723c751e8b465ee728b)
Start importing Assets/Asset store/Tiny Trees All Season/Prefabs/Trees/Conifers 2/Winter/Tree 1.prefab using Guid(8381ee17570d0f848b73b95a2cf20d1b) Importer(815301076,1909f56bfc062723c751e8b465ee728b)  -> (artifact id: 'a523e75b703e4b1af75f7b00c72a8f6f') in 0.102893 seconds 
========================================================================
Received Import Request.
  Time since last request: 0.000037 seconds.
  path: Assets/Asset store/Tiny Trees All Season/Prefabs/Trees/Trees 2/Winter/Tree 1.prefab
  artifactKey: Guid(ad1175a071718a642a510f790adacbef) Importer(815301076,1909f56bfc062723c751e8b465ee728b)
Start importing Assets/Asset store/Tiny Trees All Season/Prefabs/Trees/Trees 2/Winter/Tree 1.prefab using Guid(ad1175a071718a642a510f790adacbef) Importer(815301076,1909f56bfc062723c751e8b465ee728b)  -> (artifact id: '645cd5b079709eb950c2cb3cea8a6bb4') in 0.090617 seconds 
========================================================================
Received Import Request.
  Time since last request: 0.000024 seconds.
  path: Assets/Asset store/Tiny Trees All Season/Prefabs/Trees/Trees 2/Autumn/Tree 2.prefab
  artifactKey: Guid(1b68e22c807e7b847a2c20304bf46046) Importer(815301076,1909f56bfc062723c751e8b465ee728b)
Start importing Assets/Asset store/Tiny Trees All Season/Prefabs/Trees/Trees 2/Autumn/Tree 2.prefab using Guid(1b68e22c807e7b847a2c20304bf46046) Importer(815301076,1909f56bfc062723c751e8b465ee728b)  -> (artifact id: '0274927f4604293c1574efb1093c46e7') in 0.059862 seconds 
========================================================================
Received Import Request.
  Time since last request: 0.000031 seconds.
  path: Assets/Asset store/Tiny Trees All Season/Prefabs/Trees/Conifers 1/Winter/Tree 2.prefab
  artifactKey: Guid(60a2a89ece32f3849acb51922c38eaa6) Importer(815301076,1909f56bfc062723c751e8b465ee728b)
Start importing Assets/Asset store/Tiny Trees All Season/Prefabs/Trees/Conifers 1/Winter/Tree 2.prefab using Guid(60a2a89ece32f3849acb51922c38eaa6) Importer(815301076,1909f56bfc062723c751e8b465ee728b)  -> (artifact id: '68fbe64d65cd0aa1258be3240c7b5c59') in 0.061203 seconds 
========================================================================
Received Import Request.
  Time since last request: 0.000025 seconds.
  path: Assets/Asset store/Tiny Trees All Season/Prefabs/Trees/Conifers 2/Spring Summer Autumn/Tree 2.prefab
  artifactKey: Guid(eb67d9d423a65ca488dc821c72d3b1c5) Importer(815301076,1909f56bfc062723c751e8b465ee728b)
Start importing Assets/Asset store/Tiny Trees All Season/Prefabs/Trees/Conifers 2/Spring Summer Autumn/Tree 2.prefab using Guid(eb67d9d423a65ca488dc821c72d3b1c5) Importer(815301076,1909f56bfc062723c751e8b465ee728b)  -> (artifact id: '6e7fccc49f6aab22c88a8c3e6509bd7d') in 0.052797 seconds 
========================================================================
Received Import Request.
  Time since last request: 0.000017 seconds.
  path: Assets/Asset store/Tiny Trees All Season/Prefabs/Trees/Trees 2/Summer/Tree 2.prefab
  artifactKey: Guid(f87871c530fa1e4428c53ac8545701c9) Importer(815301076,1909f56bfc062723c751e8b465ee728b)
Start importing Assets/Asset store/Tiny Trees All Season/Prefabs/Trees/Trees 2/Summer/Tree 2.prefab using Guid(f87871c530fa1e4428c53ac8545701c9) Importer(815301076,1909f56bfc062723c751e8b465ee728b)  -> (artifact id: '33767d13bb9f75f8269401646920e216') in 0.055272 seconds 
========================================================================
Received Import Request.
  Time since last request: 0.000022 seconds.
  path: Assets/Asset store/Tiny Trees All Season/Prefabs/Trees/Conifers 2/Winter/Tree 3.prefab
  artifactKey: Guid(5a031a12a87808348a0220a4c62d2a45) Importer(815301076,1909f56bfc062723c751e8b465ee728b)
Start importing Assets/Asset store/Tiny Trees All Season/Prefabs/Trees/Conifers 2/Winter/Tree 3.prefab using Guid(5a031a12a87808348a0220a4c62d2a45) Importer(815301076,1909f56bfc062723c751e8b465ee728b)  -> (artifact id: 'da8dd273ea9b523be84f1a2188de4321') in 0.078516 seconds 
========================================================================
Received Import Request.
  Time since last request: 0.000039 seconds.
  path: Assets/Asset store/Tiny Trees All Season/Prefabs/Trees/Trees 1/Spring/Tree 4.prefab
  artifactKey: Guid(0a489e829562d6349aecfb3c3cc38406) Importer(815301076,1909f56bfc062723c751e8b465ee728b)
Start importing Assets/Asset store/Tiny Trees All Season/Prefabs/Trees/Trees 1/Spring/Tree 4.prefab using Guid(0a489e829562d6349aecfb3c3cc38406) Importer(815301076,1909f56bfc062723c751e8b465ee728b)  -> (artifact id: '299089235d375acd8ef40375ae9aa0f2') in 0.071959 seconds 
========================================================================
Received Import Request.
  Time since last request: 0.000023 seconds.
  path: Assets/Asset store/Tiny Trees All Season/Prefabs/Trees/Trees 2/Autumn/Tree 4.prefab
  artifactKey: Guid(70bf4672f6cb0554ca3a7c25a7665846) Importer(815301076,1909f56bfc062723c751e8b465ee728b)
Start importing Assets/Asset store/Tiny Trees All Season/Prefabs/Trees/Trees 2/Autumn/Tree 4.prefab using Guid(70bf4672f6cb0554ca3a7c25a7665846) Importer(815301076,1909f56bfc062723c751e8b465ee728b)  -> (artifact id: 'cbd4c51db82d3dc4200580bd7d6663b5') in 0.060357 seconds 
========================================================================
Received Import Request.
  Time since last request: 0.000023 seconds.
  path: Assets/Asset store/Tiny Trees All Season/Prefabs/Trees/Trees 2/Spring/Tree 4.prefab
  artifactKey: Guid(2dfcd275b57a40149a2742a4569d7f9f) Importer(815301076,1909f56bfc062723c751e8b465ee728b)
Start importing Assets/Asset store/Tiny Trees All Season/Prefabs/Trees/Trees 2/Spring/Tree 4.prefab using Guid(2dfcd275b57a40149a2742a4569d7f9f) Importer(815301076,1909f56bfc062723c751e8b465ee728b)  -> (artifact id: 'd27d9f1773dbc1784c139518c02add4d') in 0.058222 seconds 
========================================================================
Received Import Request.
  Time since last request: 0.000020 seconds.
  path: Assets/Asset store/Tiny Trees All Season/Prefabs/Trees/Trees 1/Summer/Tree 4.prefab
  artifactKey: Guid(70f296f4baad2ac4e8f6ffab361d5ccc) Importer(815301076,1909f56bfc062723c751e8b465ee728b)
Start importing Assets/Asset store/Tiny Trees All Season/Prefabs/Trees/Trees 1/Summer/Tree 4.prefab using Guid(70f296f4baad2ac4e8f6ffab361d5ccc) Importer(815301076,1909f56bfc062723c751e8b465ee728b)  -> (artifact id: 'abeac66122eada8fa487a23e8fe2a360') in 0.058188 seconds 
========================================================================
Received Import Request.
  Time since last request: 0.000039 seconds.
  path: Assets/Asset store/Tiny Trees All Season/Prefabs/Trees/Conifers 2/Spring Summer Autumn/Tree 4.prefab
  artifactKey: Guid(2f6f2d27bc6e74f40bf6e7a6676e9a52) Importer(815301076,1909f56bfc062723c751e8b465ee728b)
Start importing Assets/Asset store/Tiny Trees All Season/Prefabs/Trees/Conifers 2/Spring Summer Autumn/Tree 4.prefab using Guid(2f6f2d27bc6e74f40bf6e7a6676e9a52) Importer(815301076,1909f56bfc062723c751e8b465ee728b)  -> (artifact id: 'a965c2549fd6b61e740c6863d8ecbf84') in 0.043046 seconds 
========================================================================
Received Import Request.
  Time since last request: 0.000025 seconds.
  path: Assets/Asset store/TheTeam.Ninja/Voxel Farm/Prefabs/tractor/Tractor - Front Wheel.prefab
  artifactKey: Guid(7340f3da630cb8b49adcd2376bd4365a) Importer(815301076,1909f56bfc062723c751e8b465ee728b)
Start importing Assets/Asset store/TheTeam.Ninja/Voxel Farm/Prefabs/tractor/Tractor - Front Wheel.prefab using Guid(7340f3da630cb8b49adcd2376bd4365a) Importer(815301076,1909f56bfc062723c751e8b465ee728b)  -> (artifact id: '75db1a766414dbc026b21a3b4fb521de') in 0.009657 seconds 
========================================================================
Received Import Request.
  Time since last request: 0.000020 seconds.
  path: Assets/Asset store/Tiny Trees All Season/Prefabs/Trees/Trees 1/Summer/Tree 2.prefab
  artifactKey: Guid(21c9010b5fc41f84193f980cee1983cc) Importer(815301076,1909f56bfc062723c751e8b465ee728b)
Start importing Assets/Asset store/Tiny Trees All Season/Prefabs/Trees/Trees 1/Summer/Tree 2.prefab using Guid(21c9010b5fc41f84193f980cee1983cc) Importer(815301076,1909f56bfc062723c751e8b465ee728b)  -> (artifact id: '9d97f56bac42756e1ae678637af4fdbf') in 0.039205 seconds 
========================================================================
Received Import Request.
  Time since last request: 0.000021 seconds.
  path: Assets/Asset store/LowPoly Environment Pack/Prefabs/Terrain_1.prefab
  artifactKey: Guid(2bd413b982191d54396bb381188bb4d0) Importer(815301076,1909f56bfc062723c751e8b465ee728b)
Start importing Assets/Asset store/LowPoly Environment Pack/Prefabs/Terrain_1.prefab using Guid(2bd413b982191d54396bb381188bb4d0) Importer(815301076,1909f56bfc062723c751e8b465ee728b)  -> (artifact id: 'aa307c96624fd2e93cc0e627dac88592') in 0.163773 seconds 
========================================================================
Received Import Request.
  Time since last request: 0.000026 seconds.
  path: Assets/Asset store/Tiny Trees All Season/Prefabs/Trees/Conifers 1/Winter/Tree 3.prefab
  artifactKey: Guid(cfacded3614650345baa8faf8afc0b18) Importer(815301076,1909f56bfc062723c751e8b465ee728b)
Start importing Assets/Asset store/Tiny Trees All Season/Prefabs/Trees/Conifers 1/Winter/Tree 3.prefab using Guid(cfacded3614650345baa8faf8afc0b18) Importer(815301076,1909f56bfc062723c751e8b465ee728b)  -> (artifact id: 'af15bd8bf4b3a91368ee704286202ff6') in 0.039876 seconds 
========================================================================
Received Import Request.
  Time since last request: 0.000040 seconds.
  path: Assets/TheTeam.Ninja/Voxel Farm/Prefabs/grass/Soil.prefab
  artifactKey: Guid(e454c12d58672b540a820a764c41fa85) Importer(815301076,1909f56bfc062723c751e8b465ee728b)
Start importing Assets/TheTeam.Ninja/Voxel Farm/Prefabs/grass/Soil.prefab using Guid(e454c12d58672b540a820a764c41fa85) Importer(815301076,1909f56bfc062723c751e8b465ee728b)  -> (artifact id: '3e416da8fed98ea0fec95825441d98b6') in 0.031280 seconds 
========================================================================
Received Import Request.
  Time since last request: 0.000020 seconds.
  path: Assets/Asset store/Tiny Trees All Season/Prefabs/Trees/Trees 2/Spring/Tree 3.prefab
  artifactKey: Guid(9b01b6c083bdb3f44a8e5a93c3c59011) Importer(815301076,1909f56bfc062723c751e8b465ee728b)
Start importing Assets/Asset store/Tiny Trees All Season/Prefabs/Trees/Trees 2/Spring/Tree 3.prefab using Guid(9b01b6c083bdb3f44a8e5a93c3c59011) Importer(815301076,1909f56bfc062723c751e8b465ee728b)  -> (artifact id: '54c30a751dc26f65d56a2ec2c74cd624') in 0.061504 seconds 
========================================================================
Received Import Request.
  Time since last request: 0.000021 seconds.
  path: Assets/Asset store/TheTeam.Ninja/Voxel Farm/Prefabs/scarecrow/Scarecrow Red.prefab
  artifactKey: Guid(482e9728680e4ba4dbab2deb3533c964) Importer(815301076,1909f56bfc062723c751e8b465ee728b)
Start importing Assets/Asset store/TheTeam.Ninja/Voxel Farm/Prefabs/scarecrow/Scarecrow Red.prefab using Guid(482e9728680e4ba4dbab2deb3533c964) Importer(815301076,1909f56bfc062723c751e8b465ee728b)  -> (artifact id: '051b9dde0c38314ef4cf4cb30497c395') in 0.012779 seconds 
========================================================================
Received Import Request.
  Time since last request: 0.000023 seconds.
  path: Assets/Asset store/Cube Environment/Prefab/Road2.prefab
  artifactKey: Guid(01d409465c80d58498ec0df83c17e6db) Importer(815301076,1909f56bfc062723c751e8b465ee728b)
Start importing Assets/Asset store/Cube Environment/Prefab/Road2.prefab using Guid(01d409465c80d58498ec0df83c17e6db) Importer(815301076,1909f56bfc062723c751e8b465ee728b)  -> (artifact id: 'b5321b6110a195c550214e37bbe41d0d') in 0.032373 seconds 
========================================================================
Received Import Request.
  Time since last request: 0.000028 seconds.
  path: Assets/Asset store/Voxel Universe Free/Prefabs/Vehicles/Tire01.prefab
  artifactKey: Guid(c70eacb2ba8854143b882ebc56c65fc0) Importer(815301076,1909f56bfc062723c751e8b465ee728b)
Start importing Assets/Asset store/Voxel Universe Free/Prefabs/Vehicles/Tire01.prefab using Guid(c70eacb2ba8854143b882ebc56c65fc0) Importer(815301076,1909f56bfc062723c751e8b465ee728b)  -> (artifact id: '3423ef02d771bf67ecbef43a86521737') in 0.068557 seconds 
========================================================================
Received Import Request.
  Time since last request: 0.000022 seconds.
  path: Assets/TheTeam.Ninja/Voxel Farm/Prefabs/tools/Rake 1.prefab
  artifactKey: Guid(848c649b1e7f0294f94194560791bf8e) Importer(815301076,1909f56bfc062723c751e8b465ee728b)
Start importing Assets/TheTeam.Ninja/Voxel Farm/Prefabs/tools/Rake 1.prefab using Guid(848c649b1e7f0294f94194560791bf8e) Importer(815301076,1909f56bfc062723c751e8b465ee728b)  -> (artifact id: '2d0e0d6e112b2fd97f9273efb8b1b992') in 0.007526 seconds 
========================================================================
Received Import Request.
  Time since last request: 0.000039 seconds.
  path: Assets/Asset store/TheTeam.Ninja/Voxel Farm/Prefabs/tractor/Tractor.prefab
  artifactKey: Guid(b39a899692d35954a873581fbb80f88c) Importer(815301076,1909f56bfc062723c751e8b465ee728b)
Start importing Assets/Asset store/TheTeam.Ninja/Voxel Farm/Prefabs/tractor/Tractor.prefab using Guid(b39a899692d35954a873581fbb80f88c) Importer(815301076,1909f56bfc062723c751e8b465ee728b)  -> (artifact id: 'cf68aa194590875a5c744e1b68360d2c') in 0.011848 seconds 
========================================================================
Received Import Request.
  Time since last request: 3.211450 seconds.
  path: Assets/Asset store/Tree/LowPolyTreePack/Prefabs/Tree Type1 02.prefab
  artifactKey: Guid(702740a5e4ac1ee40a1888d3b62faa91) Importer(815301076,1909f56bfc062723c751e8b465ee728b)
Start importing Assets/Asset store/Tree/LowPolyTreePack/Prefabs/Tree Type1 02.prefab using Guid(702740a5e4ac1ee40a1888d3b62faa91) Importer(815301076,1909f56bfc062723c751e8b465ee728b)  -> (artifact id: '0411ab1a14a581b7529a9b12c608dbea') in 0.028915 seconds 
========================================================================
Received Import Request.
  Time since last request: 0.054550 seconds.
  path: Assets/Asset store/Tree/LowPolyTreePack/Prefabs/Tree Type2 01.prefab
  artifactKey: Guid(78c29697749a6d44e964f9a0cf83d77a) Importer(815301076,1909f56bfc062723c751e8b465ee728b)
Start importing Assets/Asset store/Tree/LowPolyTreePack/Prefabs/Tree Type2 01.prefab using Guid(78c29697749a6d44e964f9a0cf83d77a) Importer(815301076,1909f56bfc062723c751e8b465ee728b)  -> (artifact id: 'de0d5b9b12f7ee2a347a1f6c2cf3a3d4') in 0.073830 seconds 
========================================================================
Received Import Request.
  Time since last request: 0.000019 seconds.
  path: Assets/Asset store/Tree/LowPolyTreePack/Prefabs/Tree Type2 05.prefab
  artifactKey: Guid(c7bcf19bbfa57ed4ea9147dff66d5542) Importer(815301076,1909f56bfc062723c751e8b465ee728b)
Start importing Assets/Asset store/Tree/LowPolyTreePack/Prefabs/Tree Type2 05.prefab using Guid(c7bcf19bbfa57ed4ea9147dff66d5542) Importer(815301076,1909f56bfc062723c751e8b465ee728b)  -> (artifact id: '70a60c3a68b6f491d67577ce98c2b32c') in 0.039664 seconds 
========================================================================
Received Import Request.
  Time since last request: 0.000019 seconds.
  path: Assets/Asset store/Tale Monster Cube Env/Prefabs/Environment/Tree_2.prefab
  artifactKey: Guid(cd102b51c0783d64589c2177fcfea46a) Importer(815301076,1909f56bfc062723c751e8b465ee728b)
Start importing Assets/Asset store/Tale Monster Cube Env/Prefabs/Environment/Tree_2.prefab using Guid(cd102b51c0783d64589c2177fcfea46a) Importer(815301076,1909f56bfc062723c751e8b465ee728b)  -> (artifact id: '38241f0bf481db24bfe5ffc844086f3e') in 0.128158 seconds 
========================================================================
Received Import Request.
  Time since last request: 0.000087 seconds.
  path: Assets/Asset store/Tale Monster Cube Env/Prefabs/Environment/Tree_4.prefab
  artifactKey: Guid(5866e83bd853b59439b4555bee7fd699) Importer(815301076,1909f56bfc062723c751e8b465ee728b)
Start importing Assets/Asset store/Tale Monster Cube Env/Prefabs/Environment/Tree_4.prefab using Guid(5866e83bd853b59439b4555bee7fd699) Importer(815301076,1909f56bfc062723c751e8b465ee728b)  -> (artifact id: 'f5641fabeffa969d67aec5dc4e6dbe8b') in 0.056025 seconds 
========================================================================
Received Import Request.
  Time since last request: 0.000029 seconds.
  path: Assets/Asset store/Tale Monster Cube Env/Prefabs/Environment/Tree_Cut.prefab
  artifactKey: Guid(3d5fe156097e74644a21756f4248b872) Importer(815301076,1909f56bfc062723c751e8b465ee728b)
Start importing Assets/Asset store/Tale Monster Cube Env/Prefabs/Environment/Tree_Cut.prefab using Guid(3d5fe156097e74644a21756f4248b872) Importer(815301076,1909f56bfc062723c751e8b465ee728b)  -> (artifact id: '37ee8e371cce4631a410df5b505cc8ca') in 0.109871 seconds 
========================================================================
Received Import Request.
  Time since last request: 0.000020 seconds.
  path: Assets/Asset store/Tale Monster Cube Env/Prefabs/Environment/Tree_low_2.prefab
  artifactKey: Guid(49fd438cafff6364eb53cf614bfdfcfe) Importer(815301076,1909f56bfc062723c751e8b465ee728b)
Start importing Assets/Asset store/Tale Monster Cube Env/Prefabs/Environment/Tree_low_2.prefab using Guid(49fd438cafff6364eb53cf614bfdfcfe) Importer(815301076,1909f56bfc062723c751e8b465ee728b)  -> (artifact id: '11c935851ea6e05ad511ee75c286728c') in 0.051381 seconds 
========================================================================
Received Import Request.
  Time since last request: 0.023246 seconds.
  path: Assets/TheTeam.Ninja/Voxel Farm/Source/Export/trees.prefab
  artifactKey: Guid(fba50631da9eb8a4494ac64ecbe660e5) Importer(815301076,1909f56bfc062723c751e8b465ee728b)
Start importing Assets/TheTeam.Ninja/Voxel Farm/Source/Export/trees.prefab using Guid(fba50631da9eb8a4494ac64ecbe660e5) Importer(815301076,1909f56bfc062723c751e8b465ee728b)  -> (artifact id: '4afaa9dde10c0c0c1231d95f642fe34c') in 0.071945 seconds 
========================================================================
Received Import Request.
  Time since last request: 0.000025 seconds.
  path: Assets/Asset store/Cube Environment/Prefab/TreeSummer.prefab
  artifactKey: Guid(705fb2dd0f6040743bdcd0ac9aed0d69) Importer(815301076,1909f56bfc062723c751e8b465ee728b)
Start importing Assets/Asset store/Cube Environment/Prefab/TreeSummer.prefab using Guid(705fb2dd0f6040743bdcd0ac9aed0d69) Importer(815301076,1909f56bfc062723c751e8b465ee728b)  -> (artifact id: 'ded14a8405114fb048c7d8d42a212379') in 0.124784 seconds 
========================================================================
Received Import Request.
  Time since last request: 0.000029 seconds.
  path: Assets/Asset store/TheTeam.Ninja/Voxel Farm/Prefabs/van/Van - Fence.prefab
  artifactKey: Guid(f4268deb4e291da4f96bcc043cc94a13) Importer(815301076,1909f56bfc062723c751e8b465ee728b)
Start importing Assets/Asset store/TheTeam.Ninja/Voxel Farm/Prefabs/van/Van - Fence.prefab using Guid(f4268deb4e291da4f96bcc043cc94a13) Importer(815301076,1909f56bfc062723c751e8b465ee728b)  -> (artifact id: '9c2578a0bdf9e25f1051b769bc7129b6') in 0.033074 seconds 
========================================================================
Received Import Request.
  Time since last request: 0.000034 seconds.
  path: Assets/TheTeam.Ninja/Voxel Farm/Prefabs/van/Van - Fence.prefab
  artifactKey: Guid(db2277d8312faef41949e5b225e4d563) Importer(815301076,1909f56bfc062723c751e8b465ee728b)
Start importing Assets/TheTeam.Ninja/Voxel Farm/Prefabs/van/Van - Fence.prefab using Guid(db2277d8312faef41949e5b225e4d563) Importer(815301076,1909f56bfc062723c751e8b465ee728b)  -> (artifact id: 'a6e423468ab5633e8d5dc6ddbe7011a4') in 0.012394 seconds 
========================================================================
Received Import Request.
  Time since last request: 0.000031 seconds.
  path: Assets/Prefabs/Cars/Truck 2.prefab
  artifactKey: Guid(d75e102da245a4940a1fd31e390b9382) Importer(815301076,1909f56bfc062723c751e8b465ee728b)
Start importing Assets/Prefabs/Cars/Truck 2.prefab using Guid(d75e102da245a4940a1fd31e390b9382) Importer(815301076,1909f56bfc062723c751e8b465ee728b)  -> (artifact id: 'e4136f37dc7cdec3431d7ce360a7277e') in 0.021135 seconds 
========================================================================
Received Import Request.
  Time since last request: 0.000028 seconds.
  path: Assets/TheTeam.Ninja/Voxel Farm/Prefabs/van/Van - Front Lights.prefab
  artifactKey: Guid(ee848122589d4f44f865533bf7401181) Importer(815301076,1909f56bfc062723c751e8b465ee728b)
Start importing Assets/TheTeam.Ninja/Voxel Farm/Prefabs/van/Van - Front Lights.prefab using Guid(ee848122589d4f44f865533bf7401181) Importer(815301076,1909f56bfc062723c751e8b465ee728b)  -> (artifact id: '59ef27ec04ea178b3fd30e6991caffd0') in 0.008707 seconds 
========================================================================
Received Import Request.
  Time since last request: 0.000028 seconds.
  path: Assets/TheTeam.Ninja/Voxel Farm/Prefabs/van/Van - Gate Blue.prefab
  artifactKey: Guid(7c00ec82f2e734045b15131f8e0c1b7b) Importer(815301076,1909f56bfc062723c751e8b465ee728b)
Start importing Assets/TheTeam.Ninja/Voxel Farm/Prefabs/van/Van - Gate Blue.prefab using Guid(7c00ec82f2e734045b15131f8e0c1b7b) Importer(815301076,1909f56bfc062723c751e8b465ee728b)  -> (artifact id: '7576a1bdbf2cf87492c888ee3bdf46d9') in 0.007889 seconds 
========================================================================
Received Import Request.
  Time since last request: 10.505247 seconds.
  path: Assets/TheTeam.Ninja/Voxel Farm/Prefabs/van/Van - Gate Red.prefab
  artifactKey: Guid(a04ad72c174a74040bbcbc0f76ffa18d) Importer(815301076,1909f56bfc062723c751e8b465ee728b)
Start importing Assets/TheTeam.Ninja/Voxel Farm/Prefabs/van/Van - Gate Red.prefab using Guid(a04ad72c174a74040bbcbc0f76ffa18d) Importer(815301076,1909f56bfc062723c751e8b465ee728b)  -> (artifact id: 'c1d7b27bbb998cbfb3b8064c383cf51c') in 0.032738 seconds 
========================================================================
Received Import Request.
  Time since last request: 0.000023 seconds.
  path: Assets/Asset store/TheTeam.Ninja/Voxel Farm/Prefabs/van/Van - Rear Lights.prefab
  artifactKey: Guid(fe4e759bda3fba143aa5714e785785c7) Importer(815301076,1909f56bfc062723c751e8b465ee728b)
Start importing Assets/Asset store/TheTeam.Ninja/Voxel Farm/Prefabs/van/Van - Rear Lights.prefab using Guid(fe4e759bda3fba143aa5714e785785c7) Importer(815301076,1909f56bfc062723c751e8b465ee728b)  -> (artifact id: '4c1d4653a1a34d009195b490303da2a7') in 0.011339 seconds 
========================================================================
Received Import Request.
  Time since last request: 0.002784 seconds.
  path: Assets/TheTeam.Ninja/Voxel Farm/Prefabs/van/Van - Structure Blue.prefab
  artifactKey: Guid(80f253f6ef82ca746acd036f1ba4e418) Importer(815301076,1909f56bfc062723c751e8b465ee728b)
Start importing Assets/TheTeam.Ninja/Voxel Farm/Prefabs/van/Van - Structure Blue.prefab using Guid(80f253f6ef82ca746acd036f1ba4e418) Importer(815301076,1909f56bfc062723c751e8b465ee728b)  -> (artifact id: '6658035cf168c8a4db756246d9b3ea93') in 0.016580 seconds 
========================================================================
Received Import Request.
  Time since last request: 0.025384 seconds.
  path: Assets/Asset store/TheTeam.Ninja/Voxel Farm/Prefabs/van/Van - Structure Red.prefab
  artifactKey: Guid(4743a0ad0f3e29c4e8a7380038c219af) Importer(815301076,1909f56bfc062723c751e8b465ee728b)
Start importing Assets/Asset store/TheTeam.Ninja/Voxel Farm/Prefabs/van/Van - Structure Red.prefab using Guid(4743a0ad0f3e29c4e8a7380038c219af) Importer(815301076,1909f56bfc062723c751e8b465ee728b)  -> (artifact id: '533fd0ad01531565c6c6bc282f9b98c7') in 0.025484 seconds 
========================================================================
Received Import Request.
  Time since last request: 0.000022 seconds.
  path: Assets/Asset store/TheTeam.Ninja/Voxel Farm/Prefabs/van/Van Blue.prefab
  artifactKey: Guid(e812040a71f2d5341b5f86173368a9b3) Importer(815301076,1909f56bfc062723c751e8b465ee728b)
Start importing Assets/Asset store/TheTeam.Ninja/Voxel Farm/Prefabs/van/Van Blue.prefab using Guid(e812040a71f2d5341b5f86173368a9b3) Importer(815301076,1909f56bfc062723c751e8b465ee728b)  -> (artifact id: 'f034922af7c0f896c630b613ea3e0410') in 0.021438 seconds 
========================================================================
Received Import Request.
  Time since last request: 0.000026 seconds.
  path: Assets/Asset store/TheTeam.Ninja/Voxel Farm/Prefabs/van/Van Red.prefab
  artifactKey: Guid(2e45d0e0ff583884f805f7ef7f26de40) Importer(815301076,1909f56bfc062723c751e8b465ee728b)
Start importing Assets/Asset store/TheTeam.Ninja/Voxel Farm/Prefabs/van/Van Red.prefab using Guid(2e45d0e0ff583884f805f7ef7f26de40) Importer(815301076,1909f56bfc062723c751e8b465ee728b)  -> (artifact id: '5945843159be577a39da9cfa9864a3c8') in 0.021298 seconds 
========================================================================
Received Import Request.
  Time since last request: 0.000021 seconds.
  path: Assets/TheTeam.Ninja/Voxel Farm/Source/Export/vegetables.prefab
  artifactKey: Guid(d9f23643fe2612046985e72edd03ac89) Importer(815301076,1909f56bfc062723c751e8b465ee728b)
Start importing Assets/TheTeam.Ninja/Voxel Farm/Source/Export/vegetables.prefab using Guid(d9f23643fe2612046985e72edd03ac89) Importer(815301076,1909f56bfc062723c751e8b465ee728b)  -> (artifact id: '80c5c501b9169e320fc3dcaa8957a392') in 0.121569 seconds 
========================================================================
Received Import Request.
  Time since last request: 0.000038 seconds.
  path: Assets/Asset store/Suriyun/Voxel_Environments/Prefab/Water_A.prefab
  artifactKey: Guid(ee6a15d16bebe6b42bc4492ad45c51e8) Importer(815301076,1909f56bfc062723c751e8b465ee728b)
Start importing Assets/Asset store/Suriyun/Voxel_Environments/Prefab/Water_A.prefab using Guid(ee6a15d16bebe6b42bc4492ad45c51e8) Importer(815301076,1909f56bfc062723c751e8b465ee728b)  -> (artifact id: 'b60daf41fbfb0931f5ad6f696dda8a37') in 0.019303 seconds 
========================================================================
Received Import Request.
  Time since last request: 0.000056 seconds.
  path: Assets/Prefabs/Source/Export/wind mill.prefab
  artifactKey: Guid(67f2db3b708cbf94390896d5c1ca10ae) Importer(815301076,1909f56bfc062723c751e8b465ee728b)
Start importing Assets/Prefabs/Source/Export/wind mill.prefab using Guid(67f2db3b708cbf94390896d5c1ca10ae) Importer(815301076,1909f56bfc062723c751e8b465ee728b)  -> (artifact id: 'b573e65d2b54696cf8fa207a89e6b6a7') in 0.310494 seconds 
========================================================================
Received Import Request.
  Time since last request: 0.000025 seconds.
  path: Assets/TheTeam.Ninja/Voxel Farm/Prefabs/wind mill/Wind Mill - Tower.prefab
  artifactKey: Guid(96d2720c60bb84347b41837431ceddba) Importer(815301076,1909f56bfc062723c751e8b465ee728b)
Start importing Assets/TheTeam.Ninja/Voxel Farm/Prefabs/wind mill/Wind Mill - Tower.prefab using Guid(96d2720c60bb84347b41837431ceddba) Importer(815301076,1909f56bfc062723c751e8b465ee728b)  -> (artifact id: '0fb0a5bdbbbf929942ee00b25c844d4a') in 0.015210 seconds 
========================================================================
Received Import Request.
  Time since last request: 0.000034 seconds.
  path: Assets/TheTeam.Ninja/Voxel Farm/Prefabs/wind mill/Wind Mill 3.prefab
  artifactKey: Guid(b23f71ab15755544b9334ae5131ef2fa) Importer(815301076,1909f56bfc062723c751e8b465ee728b)
Start importing Assets/TheTeam.Ninja/Voxel Farm/Prefabs/wind mill/Wind Mill 3.prefab using Guid(b23f71ab15755544b9334ae5131ef2fa) Importer(815301076,1909f56bfc062723c751e8b465ee728b)  -> (artifact id: '7f67a764ed04a6192c39f13ca0de7c88') in 0.012135 seconds 
========================================================================
Received Import Request.
  Time since last request: 0.000021 seconds.
  path: Assets/Asset store/Characters/Prefabs/Wizard.prefab
  artifactKey: Guid(94a9365da0c631f4581925eb2b887de2) Importer(815301076,1909f56bfc062723c751e8b465ee728b)
Start importing Assets/Asset store/Characters/Prefabs/Wizard.prefab using Guid(94a9365da0c631f4581925eb2b887de2) Importer(815301076,1909f56bfc062723c751e8b465ee728b)  -> (artifact id: '4f856b0aaa67327b77948b13b53122ee') in 0.141040 seconds 
========================================================================
Received Import Request.
  Time since last request: 0.000026 seconds.
  path: Assets/Asset store/Characters/Prefabs/Zombie.prefab
  artifactKey: Guid(3122fb798fb42ef4f876c7f2ab564680) Importer(815301076,1909f56bfc062723c751e8b465ee728b)
Start importing Assets/Asset store/Characters/Prefabs/Zombie.prefab using Guid(3122fb798fb42ef4f876c7f2ab564680) Importer(815301076,1909f56bfc062723c751e8b465ee728b)  -> (artifact id: '2b05124ded4973a23b7b7e22bab0fd63') in 0.070954 seconds 
Editor requested this worker to shutdown with reason: Scaling down because of idle timeout
AssetImportWorker is now disconnected from the server
Process exiting
Exiting without the bug reporter. Application will terminate with return code 0